<?xml version="1.0" encoding="UTF-8"?>
<!-- Generated by org.testng.reporters.JUnitReportReporter -->
<testsuite skipped="0" hostname="DESKTOP-RNQ1IHF" name="jenkins.jenkinsTest" tests="1" failures="0" timestamp="2023-03-12T23:50:01 IST" time="0.013" errors="0">
  <testcase name="abc" time="0.013" classname="jenkins.jenkinsTest"/>
  <system-out/>
</testsuite> <!-- jenkins.jenkinsTest -->
